<?xml version="1.0" encoding="UTF-8"?>
<!-- Generated by org.testng.reporters.JUnitReportReporter -->
<testsuite hostname="MSI" failures="0" tests="4" name="com.pom.leavetrackertests.LoginTestMultipleCredentials" time="15.307" errors="1" timestamp="2025-04-24T13:27:11 IST" skipped="3">
  <testcase classname="com.pom.leavetrackertests.LoginTestMultipleCredentials" name="testLoginFunction" time="0.000">
    <skipped/>
  </testcase> <!-- testLoginFunction -->
  <system-out/>
  <testcase classname="com.pom.leavetrackertests.LoginTestMultipleCredentials" name="testLoginFunction" time="0.000">
    <skipped/>
  </testcase> <!-- testLoginFunction -->
  <system-out/>
  <testcase classname="com.pom.leavetrackertests.LoginTestMultipleCredentials" name="testLoginFunction" time="0.000">
    <skipped/>
  </testcase> <!-- testLoginFunction -->
  <system-out/>
  <testcase classname="com.pom.leavetrackertests.LoginTestMultipleCredentials" name="openApp" time="15.307">
    <error message="An element could not be located on the page using the given search parameters.
For documentation on this error, please visit: https://www.selenium.dev/documentation/webdriver/troubleshooting/errors#no-such-element-exception
Build info: version: &#039;4.31.0&#039;, revision: &#039;1ef9f18787*&#039;
System info: os.name: &#039;Windows 11&#039;, os.arch: &#039;amd64&#039;, os.version: &#039;10.0&#039;, java.version: &#039;11.0.25&#039;
Driver info: io.appium.java_client.android.AndroidDriver
Command: [247ab250-94c6-45c4-83cf-f1b37e3a97a9, findElement {value=//*[contains(@content-desc, &#039;Achal&#039;)], using=xpath}]
Capabilities {appium:appActivity: com.kibbcom.leave_tracker_a..., appium:appPackage: com.kibbcom.leave_tracker_app, appium:autoGrantPermissions: true, appium:automationName: UIAutomator2, appium:databaseEnabled: false, appium:desired: {appActivity: com.kibbcom.leave_tracker_a..., appPackage: com.kibbcom.leave_tracker_app, autoGrantPermissions: true, automationName: UIAutomator2, deviceName: 94BAY0LZYZ, platformName: ANDROID, platformVersion: 12}, appium:deviceApiLevel: 32, appium:deviceManufacturer: Google, appium:deviceModel: Pixel 3a, appium:deviceName: 94BAY0LZYZ, appium:deviceScreenDensity: 440, appium:deviceScreenSize: 1080x2220, appium:deviceUDID: 94BAY0LZYZ, appium:javascriptEnabled: true, appium:locationContextEnabled: false, appium:networkConnectionEnabled: true, appium:pixelRatio: 2.75, appium:platformVersion: 12, appium:statBarHeight: 77, appium:takesScreenshot: true, appium:viewportRect: {height: 2143, left: 0, top: 77, width: 1080}, appium:warnings: {}, appium:webStorageEnabled: false, platformName: ANDROID}
Session ID: 247ab250-94c6-45c4-83cf-f1b37e3a97a9" type="org.openqa.selenium.NoSuchElementException">
      <![CDATA[org.openqa.selenium.NoSuchElementException: An element could not be located on the page using the given search parameters.
For documentation on this error, please visit: https://www.selenium.dev/documentation/webdriver/troubleshooting/errors#no-such-element-exception
Build info: version: '4.31.0', revision: '1ef9f18787*'
System info: os.name: 'Windows 11', os.arch: 'amd64', os.version: '10.0', java.version: '11.0.25'
Driver info: io.appium.java_client.android.AndroidDriver
Command: [247ab250-94c6-45c4-83cf-f1b37e3a97a9, findElement {value=//*[contains(@content-desc, 'Achal')], using=xpath}]
Capabilities {appium:appActivity: com.kibbcom.leave_tracker_a..., appium:appPackage: com.kibbcom.leave_tracker_app, appium:autoGrantPermissions: true, appium:automationName: UIAutomator2, appium:databaseEnabled: false, appium:desired: {appActivity: com.kibbcom.leave_tracker_a..., appPackage: com.kibbcom.leave_tracker_app, autoGrantPermissions: true, automationName: UIAutomator2, deviceName: 94BAY0LZYZ, platformName: ANDROID, platformVersion: 12}, appium:deviceApiLevel: 32, appium:deviceManufacturer: Google, appium:deviceModel: Pixel 3a, appium:deviceName: 94BAY0LZYZ, appium:deviceScreenDensity: 440, appium:deviceScreenSize: 1080x2220, appium:deviceUDID: 94BAY0LZYZ, appium:javascriptEnabled: true, appium:locationContextEnabled: false, appium:networkConnectionEnabled: true, appium:pixelRatio: 2.75, appium:platformVersion: 12, appium:statBarHeight: 77, appium:takesScreenshot: true, appium:viewportRect: {height: 2143, left: 0, top: 77, width: 1080}, appium:warnings: {}, appium:webStorageEnabled: false, platformName: ANDROID}
Session ID: 247ab250-94c6-45c4-83cf-f1b37e3a97a9
at java.base/jdk.internal.reflect.NativeConstructorAccessorImpl.newInstance0(Native Method)
at java.base/jdk.internal.reflect.NativeConstructorAccessorImpl.newInstance(NativeConstructorAccessorImpl.java:62)
at java.base/jdk.internal.reflect.DelegatingConstructorAccessorImpl.newInstance(DelegatingConstructorAccessorImpl.java:45)
at java.base/java.lang.reflect.Constructor.newInstance(Constructor.java:490)
at org.openqa.selenium.remote.ErrorCodec.decode(ErrorCodec.java:167)
at org.openqa.selenium.remote.codec.w3c.W3CHttpResponseCodec.decode(W3CHttpResponseCodec.java:138)
at org.openqa.selenium.remote.codec.w3c.W3CHttpResponseCodec.decode(W3CHttpResponseCodec.java:50)
at org.openqa.selenium.remote.HttpCommandExecutor.execute(HttpCommandExecutor.java:215)
at io.appium.java_client.remote.AppiumCommandExecutor.execute(AppiumCommandExecutor.java:237)
at org.openqa.selenium.remote.RemoteWebDriver.execute(RemoteWebDriver.java:545)
at org.openqa.selenium.remote.ElementLocation$ElementFinder$2.findElement(ElementLocation.java:165)
at org.openqa.selenium.remote.ElementLocation.findElement(ElementLocation.java:59)
at org.openqa.selenium.remote.RemoteWebDriver.findElement(RemoteWebDriver.java:368)
at org.openqa.selenium.remote.RemoteWebDriver.findElement(RemoteWebDriver.java:362)
at com.pom.leavetrackerpages.HomePage.<init>(HomePage.java:21)
at com.pom.leavetrackertests.LoginTestMultipleCredentials.openApp(LoginTestMultipleCredentials.java:54)
at java.base/jdk.internal.reflect.NativeMethodAccessorImpl.invoke0(Native Method)
at java.base/jdk.internal.reflect.NativeMethodAccessorImpl.invoke(NativeMethodAccessorImpl.java:62)
at java.base/jdk.internal.reflect.DelegatingMethodAccessorImpl.invoke(DelegatingMethodAccessorImpl.java:43)
at java.base/java.lang.reflect.Method.invoke(Method.java:566)
at org.testng.internal.MethodInvocationHelper.invokeMethod(MethodInvocationHelper.java:133)
at org.testng.internal.MethodInvocationHelper.invokeMethodConsideringTimeout(MethodInvocationHelper.java:62)
at org.testng.internal.ConfigInvoker.invokeConfigurationMethod(ConfigInvoker.java:385)
at org.testng.internal.ConfigInvoker.invokeConfigurations(ConfigInvoker.java:321)
at org.testng.internal.TestMethodWorker.invokeBeforeClassMethods(TestMethodWorker.java:176)
at org.testng.internal.TestMethodWorker.run(TestMethodWorker.java:122)
at java.base/java.util.ArrayList.forEach(ArrayList.java:1541)
at org.testng.TestRunner.privateRun(TestRunner.java:794)
at org.testng.TestRunner.run(TestRunner.java:596)
at org.testng.SuiteRunner.runTest(SuiteRunner.java:377)
at org.testng.SuiteRunner.runSequentially(SuiteRunner.java:371)
at org.testng.SuiteRunner.privateRun(SuiteRunner.java:332)
at org.testng.SuiteRunner.run(SuiteRunner.java:276)
at org.testng.SuiteRunnerWorker.runSuite(SuiteRunnerWorker.java:53)
at org.testng.SuiteRunnerWorker.run(SuiteRunnerWorker.java:96)
at org.testng.TestNG.runSuitesSequentially(TestNG.java:1212)
at org.testng.TestNG.runSuitesLocally(TestNG.java:1134)
at org.testng.TestNG.runSuites(TestNG.java:1063)
at org.testng.TestNG.run(TestNG.java:1031)
at org.testng.remote.AbstractRemoteTestNG.run(AbstractRemoteTestNG.java:115)
at org.testng.remote.RemoteTestNG.initAndRun(RemoteTestNG.java:293)
at org.testng.remote.RemoteTestNG.main(RemoteTestNG.java:91)
]]>
    </error>
  </testcase> <!-- openApp -->
  <system-out/>
</testsuite> <!-- com.pom.leavetrackertests.LoginTestMultipleCredentials -->
